<?xml version="1.0" encoding="UTF-8"?>
<!-- Generated by org.testng.reporters.JUnitXMLReporter -->
<testsuite hostname="T4ublrlpusr010" ignored="0" name="Default test" tests="8" failures="0" timestamp="06 Nov 2018 11:01:17 GMT" time="39.167" errors="0">
  <testcase name="actiontest" time="27.476" classname="script.CustomerDetailsTest"/>
  <testcase name="customerdetailstest" time="0.598" classname="script.CustomerDetailsTest"/>
  <testcase name="validatecustomerdetailspage" time="0.009" classname="script.CustomerDetailsTest"/>
  <testcase name="selectcustnametest" time="0.127" classname="script.CustomerDetailsTest"/>
  <testcase name="addcustnamebtntest" time="0.076" classname="script.CustomerDetailsTest"/>
  <testcase name="setcustnameest" time="1.029" classname="script.CustomerDetailsTest"/>
  <testcase name="viewdetailstest" time="5.232" classname="script.CustomerDetailsTest"/>
  <testcase name="rowtest" time="0.059" classname="script.CustomerDetailsTest"/>
</testsuite> <!-- Default test -->
