<?xml version="1.0" encoding="UTF-8"?>
<!-- Generated by org.testng.reporters.JUnitXMLReporter -->
<testsuite hostname="T4ublrlpusr010" ignored="5" tests="0" failures="0" timestamp="03 Nov 2018 09:51:10 GMT" time="5.098" errors="0">
  <testcase name="testValidLogin" time="0.0" classname="script.ValidLogin">
    <ignored/>
  </testcase> <!-- testValidLogin -->
  <testcase name="testlunch" time="0.0" classname="script.ValidLogin">
    <ignored/>
  </testcase> <!-- testlunch -->
  <testcase name="testValidurl" time="0.0" classname="script.ValidLogin">
    <ignored/>
  </testcase> <!-- testValidurl -->
  <testcase name="testValidpage" time="0.0" classname="script.ValidLogin">
    <ignored/>
  </testcase> <!-- testValidpage -->
  <testcase name="logout" time="0.0" classname="script.ValidLogin">
    <ignored/>
  </testcase> <!-- logout -->
</testsuite>
