<?xml version="1.0" encoding="UTF-8"?>
<!-- Generated by org.testng.reporters.JUnitXMLReporter -->
<testsuite hostname="T4ublrlpusr010" ignored="0" name="ValidLogin" tests="2" failures="1" timestamp="05 Oct 2018 06:17:15 GMT" time="32.213" errors="0">
  <testcase name="testValidLogin" time="20.96" classname="script.ValidLogin"/>
  <testcase name="testlunch" time="0.003" classname="script.ValidLogin">
    <failure type="java.lang.NullPointerException">
      <![CDATA[java.lang.NullPointerException
at page.LunchDhlPage.clicklunch(LunchDhlPage.java:22)
at script.ValidLogin.testlunch(ValidLogin.java:33)
at java.util.concurrent.ThreadPoolExecutor.runWorker(Unknown Source)
at java.util.concurrent.ThreadPoolExecutor$Worker.run(Unknown Source)
at java.lang.Thread.run(Unknown Source)
... Removed 10 stack frames]]>
    </failure>
  </testcase> <!-- testlunch -->
</testsuite> <!-- ValidLogin -->
