<?xml version="1.0" encoding="UTF-8"?>
<testng-results skipped="0" failed="0" ignored="0" total="8" passed="8">
  <reporter-output>
    <line>
      <![CDATA[FAIL:Err Msg is NOT Displayed]]>
    </line>
  </reporter-output>
  <suite name="Default suite" duration-ms="39167" started-at="2018-11-06T11:00:38Z" finished-at="2018-11-06T11:01:17Z">
    <groups>
    </groups>
    <test name="Default test" duration-ms="39167" started-at="2018-11-06T11:00:38Z" finished-at="2018-11-06T11:01:17Z">
      <class name="script.CustomerDetailsTest">
        <test-method status="PASS" signature="openApp(java.lang.String)[pri:0, instance:script.CustomerDetailsTest@687080dc]" name="openApp" is-config="true" duration-ms="4544" started-at="2018-11-06T11:00:38Z" finished-at="2018-11-06T11:00:42Z">
          <params>
            <param index="0">
              <value>
                <![CDATA[chrome]]>
              </value>
            </param>
          </params>
          <reporter-output>
          </reporter-output>
        </test-method> <!-- openApp -->
        <test-method status="PASS" signature="actiontest()[pri:1, instance:script.CustomerDetailsTest@687080dc]" name="actiontest" duration-ms="27476" started-at="2018-11-06T11:00:42Z" finished-at="2018-11-06T11:01:10Z">
          <reporter-output>
            <line>
              <![CDATA[FAIL:Err Msg is NOT Displayed]]>
            </line>
          </reporter-output>
        </test-method> <!-- actiontest -->
        <test-method status="PASS" signature="closeApp(org.testng.ITestResult)[pri:0, instance:script.CustomerDetailsTest@687080dc]" name="closeApp" is-config="true" duration-ms="0" started-at="2018-11-06T11:01:10Z" finished-at="2018-11-06T11:01:10Z">
          <params>
            <param index="0">
              <value>
                <![CDATA[[TestResult name=actiontest status=SUCCESS method=CustomerDetailsTest.actiontest()[pri:1, instance:script.CustomerDetailsTest@687080dc] output=FAIL:Err Msg is NOT Displayed]]]>
              </value>
            </param>
          </params>
          <reporter-output>
          </reporter-output>
        </test-method> <!-- closeApp -->
        <test-method status="PASS" signature="customerdetailstest()[pri:2, instance:script.CustomerDetailsTest@687080dc]" name="customerdetailstest" duration-ms="598" started-at="2018-11-06T11:01:10Z" finished-at="2018-11-06T11:01:10Z">
          <reporter-output>
          </reporter-output>
        </test-method> <!-- customerdetailstest -->
        <test-method status="PASS" signature="closeApp(org.testng.ITestResult)[pri:0, instance:script.CustomerDetailsTest@687080dc]" name="closeApp" is-config="true" duration-ms="0" started-at="2018-11-06T11:01:10Z" finished-at="2018-11-06T11:01:10Z">
          <params>
            <param index="0">
              <value>
                <![CDATA[[TestResult name=customerdetailstest status=SUCCESS method=CustomerDetailsTest.customerdetailstest()[pri:2, instance:script.CustomerDetailsTest@687080dc] output={null}]]]>
              </value>
            </param>
          </params>
          <reporter-output>
          </reporter-output>
        </test-method> <!-- closeApp -->
        <test-method status="PASS" signature="validatecustomerdetailspage()[pri:3, instance:script.CustomerDetailsTest@687080dc]" name="validatecustomerdetailspage" duration-ms="9" started-at="2018-11-06T11:01:10Z" finished-at="2018-11-06T11:01:10Z">
          <reporter-output>
          </reporter-output>
        </test-method> <!-- validatecustomerdetailspage -->
        <test-method status="PASS" signature="selectcustnametest()[pri:4, instance:script.CustomerDetailsTest@687080dc]" name="selectcustnametest" duration-ms="127" started-at="2018-11-06T11:01:10Z" finished-at="2018-11-06T11:01:11Z">
          <reporter-output>
          </reporter-output>
        </test-method> <!-- selectcustnametest -->
        <test-method status="PASS" signature="closeApp(org.testng.ITestResult)[pri:0, instance:script.CustomerDetailsTest@687080dc]" name="closeApp" is-config="true" duration-ms="0" started-at="2018-11-06T11:01:10Z" finished-at="2018-11-06T11:01:10Z">
          <params>
            <param index="0">
              <value>
                <![CDATA[[TestResult name=validatecustomerdetailspage status=SUCCESS method=CustomerDetailsTest.validatecustomerdetailspage()[pri:3, instance:script.CustomerDetailsTest@687080dc] output={null}]]]>
              </value>
            </param>
          </params>
          <reporter-output>
          </reporter-output>
        </test-method> <!-- closeApp -->
        <test-method status="PASS" signature="addcustnamebtntest()[pri:5, instance:script.CustomerDetailsTest@687080dc]" name="addcustnamebtntest" duration-ms="76" started-at="2018-11-06T11:01:11Z" finished-at="2018-11-06T11:01:11Z">
          <reporter-output>
          </reporter-output>
        </test-method> <!-- addcustnamebtntest -->
        <test-method status="PASS" signature="closeApp(org.testng.ITestResult)[pri:0, instance:script.CustomerDetailsTest@687080dc]" name="closeApp" is-config="true" duration-ms="0" started-at="2018-11-06T11:01:11Z" finished-at="2018-11-06T11:01:11Z">
          <params>
            <param index="0">
              <value>
                <![CDATA[[TestResult name=selectcustnametest status=SUCCESS method=CustomerDetailsTest.selectcustnametest()[pri:4, instance:script.CustomerDetailsTest@687080dc] output={null}]]]>
              </value>
            </param>
          </params>
          <reporter-output>
          </reporter-output>
        </test-method> <!-- closeApp -->
        <test-method status="PASS" signature="closeApp(org.testng.ITestResult)[pri:0, instance:script.CustomerDetailsTest@687080dc]" name="closeApp" is-config="true" duration-ms="1" started-at="2018-11-06T11:01:11Z" finished-at="2018-11-06T11:01:11Z">
          <params>
            <param index="0">
              <value>
                <![CDATA[[TestResult name=addcustnamebtntest status=SUCCESS method=CustomerDetailsTest.addcustnamebtntest()[pri:5, instance:script.CustomerDetailsTest@687080dc] output={null}]]]>
              </value>
            </param>
          </params>
          <reporter-output>
          </reporter-output>
        </test-method> <!-- closeApp -->
        <test-method status="PASS" signature="setcustnameest()[pri:6, instance:script.CustomerDetailsTest@687080dc]" name="setcustnameest" duration-ms="1029" started-at="2018-11-06T11:01:11Z" finished-at="2018-11-06T11:01:12Z">
          <reporter-output>
          </reporter-output>
        </test-method> <!-- setcustnameest -->
        <test-method status="PASS" signature="viewdetailstest()[pri:7, instance:script.CustomerDetailsTest@687080dc]" name="viewdetailstest" duration-ms="5232" started-at="2018-11-06T11:01:12Z" finished-at="2018-11-06T11:01:17Z">
          <reporter-output>
          </reporter-output>
        </test-method> <!-- viewdetailstest -->
        <test-method status="PASS" signature="closeApp(org.testng.ITestResult)[pri:0, instance:script.CustomerDetailsTest@687080dc]" name="closeApp" is-config="true" duration-ms="0" started-at="2018-11-06T11:01:12Z" finished-at="2018-11-06T11:01:12Z">
          <params>
            <param index="0">
              <value>
                <![CDATA[[TestResult name=setcustnameest status=SUCCESS method=CustomerDetailsTest.setcustnameest()[pri:6, instance:script.CustomerDetailsTest@687080dc] output={null}]]]>
              </value>
            </param>
          </params>
          <reporter-output>
          </reporter-output>
        </test-method> <!-- closeApp -->
        <test-method status="PASS" signature="closeApp(org.testng.ITestResult)[pri:0, instance:script.CustomerDetailsTest@687080dc]" name="closeApp" is-config="true" duration-ms="0" started-at="2018-11-06T11:01:17Z" finished-at="2018-11-06T11:01:17Z">
          <params>
            <param index="0">
              <value>
                <![CDATA[[TestResult name=viewdetailstest status=SUCCESS method=CustomerDetailsTest.viewdetailstest()[pri:7, instance:script.CustomerDetailsTest@687080dc] output={null}]]]>
              </value>
            </param>
          </params>
          <reporter-output>
          </reporter-output>
        </test-method> <!-- closeApp -->
        <test-method status="PASS" signature="rowtest()[pri:9, instance:script.CustomerDetailsTest@687080dc]" name="rowtest" duration-ms="59" started-at="2018-11-06T11:01:17Z" finished-at="2018-11-06T11:01:17Z">
          <reporter-output>
          </reporter-output>
        </test-method> <!-- rowtest -->
        <test-method status="PASS" signature="closeApp(org.testng.ITestResult)[pri:0, instance:script.CustomerDetailsTest@687080dc]" name="closeApp" is-config="true" duration-ms="0" started-at="2018-11-06T11:01:17Z" finished-at="2018-11-06T11:01:17Z">
          <params>
            <param index="0">
              <value>
                <![CDATA[[TestResult name=rowtest status=SUCCESS method=CustomerDetailsTest.rowtest()[pri:9, instance:script.CustomerDetailsTest@687080dc] output={null}]]]>
              </value>
            </param>
          </params>
          <reporter-output>
          </reporter-output>
        </test-method> <!-- closeApp -->
      </class> <!-- script.CustomerDetailsTest -->
    </test> <!-- Default test -->
  </suite> <!-- Default suite -->
</testng-results>
